<?xml version="1.0" encoding="UTF-8"?>
<testsuite xmlns:xsi="http://www.w3.org/2001/XMLSchema-instance" xsi:noNamespaceSchemaLocation="https://maven.apache.org/surefire/maven-surefire-plugin/xsd/surefire-test-report-3.0.xsd" version="3.0" name="com.spring.datajpa.gitRepositoryRetriever.GitRepositoryRetrieverApplicationTests" time="10.29" tests="3" errors="0" skipped="0" failures="0">
  <properties>
[...]
</properties>
  <testcase name="testGetRepositoryDetails_Success" classname="com.spring.datajpa.gitRepositoryRetriever.GitRepositoryRetrieverApplicationTests" time="1.846">
    <system-out><![CDATA[
  .   ____          _            __ _ _
 /\\ / ___'_ __ _ _(_)_ __  __ _ \ \ \ \
( ( )\___ | '_ | '_| | '_ \/ _` | \ \ \ \
 \\/  ___)| |_)| | | | | || (_| |  ) ) ) )
  '  |____| .__|_| |_|_| |_\__, | / / / /
 =========|_|==============|___/=/_/_/_/
&amp#27;[32m :: Spring Boot :: &amp#27;[39m              &amp#27;[2m (v3.2.8)&amp#27;[0;39m

&amp#27;[2m2024-08-22T01:27:42.891+08:00&amp#27;[0;39m &amp#27;[32m INFO&amp#27;[0;39m &amp#27;[35m7868&amp#27;[0;39m &amp#27;[2m---&amp#27;[0;39m &amp#27;[2m[gitRepositoryRetriever] [           main]&amp#27;[0;39m &amp#27;[2m&amp#27;[0;39m&amp#27;[36mg.GitRepositoryRetrieverApplicationTests&amp#27;[0;39m &amp#27;[2m:&amp#27;[0;39m Starting GitRepositoryRetrieverApplicationTests using Java 17.0.10 with PID 7868 (started by SHWETA in S:\GitRepositoryManagement)
&amp#27;[2m2024-08-22T01:27:42.894+08:00&amp#27;[0;39m &amp#27;[32m INFO&amp#27;[0;39m &amp#27;[35m7868&amp#27;[0;39m &amp#27;[2m---&amp#27;[0;39m &amp#27;[2m[gitRepositoryRetriever] [           main]&amp#27;[0;39m &amp#27;[2m&amp#27;[0;39m&amp#27;[36mg.GitRepositoryRetrieverApplicationTests&amp#27;[0;39m &amp#27;[2m:&amp#27;[0;39m No active profile set, falling back to 1 default profile: "default"
&amp#27;[2m2024-08-22T01:27:43.914+08:00&amp#27;[0;39m &amp#27;[32m INFO&amp#27;[0;39m &amp#27;[35m7868&amp#27;[0;39m &amp#27;[2m---&amp#27;[0;39m &amp#27;[2m[gitRepositoryRetriever] [           main]&amp#27;[0;39m &amp#27;[2m&amp#27;[0;39m&amp#27;[36m.s.d.r.c.RepositoryConfigurationDelegate&amp#27;[0;39m &amp#27;[2m:&amp#27;[0;39m Bootstrapping Spring Data JPA repositories in DEFAULT mode.
&amp#27;[2m2024-08-22T01:27:44.017+08:00&amp#27;[0;39m &amp#27;[32m INFO&amp#27;[0;39m &amp#27;[35m7868&amp#27;[0;39m &amp#27;[2m---&amp#27;[0;39m &amp#27;[2m[gitRepositoryRetriever] [           main]&amp#27;[0;39m &amp#27;[2m&amp#27;[0;39m&amp#27;[36m.s.d.r.c.RepositoryConfigurationDelegate&amp#27;[0;39m &amp#27;[2m:&amp#27;[0;39m Finished Spring Data repository scanning in 92 ms. Found 1 JPA repository interface.
&amp#27;[2m2024-08-22T01:27:44.944+08:00&amp#27;[0;39m &amp#27;[32m INFO&amp#27;[0;39m &amp#27;[35m7868&amp#27;[0;39m &amp#27;[2m---&amp#27;[0;39m &amp#27;[2m[gitRepositoryRetriever] [           main]&amp#27;[0;39m &amp#27;[2m&amp#27;[0;39m&amp#27;[36mo.s.b.w.embedded.tomcat.TomcatWebServer &amp#27;[0;39m &amp#27;[2m:&amp#27;[0;39m Tomcat initialized with port 0 (http)
&amp#27;[2m2024-08-22T01:27:44.961+08:00&amp#27;[0;39m &amp#27;[32m INFO&amp#27;[0;39m &amp#27;[35m7868&amp#27;[0;39m &amp#27;[2m---&amp#27;[0;39m &amp#27;[2m[gitRepositoryRetriever] [           main]&amp#27;[0;39m &amp#27;[2m&amp#27;[0;39m&amp#27;[36mo.apache.catalina.core.StandardService  &amp#27;[0;39m &amp#27;[2m:&amp#27;[0;39m Starting service [Tomcat]
&amp#27;[2m2024-08-22T01:27:44.962+08:00&amp#27;[0;39m &amp#27;[32m INFO&amp#27;[0;39m &amp#27;[35m7868&amp#27;[0;39m &amp#27;[2m---&amp#27;[0;39m &amp#27;[2m[gitRepositoryRetriever] [           main]&amp#27;[0;39m &amp#27;[2m&amp#27;[0;39m&amp#27;[36mo.apache.catalina.core.StandardEngine   &amp#27;[0;39m &amp#27;[2m:&amp#27;[0;39m Starting Servlet engine: [Apache Tomcat/10.1.26]
&amp#27;[2m2024-08-22T01:27:45.090+08:00&amp#27;[0;39m &amp#27;[32m INFO&amp#27;[0;39m &amp#27;[35m7868&amp#27;[0;39m &amp#27;[2m---&amp#27;[0;39m &amp#27;[2m[gitRepositoryRetriever] [           main]&amp#27;[0;39m &amp#27;[2m&amp#27;[0;39m&amp#27;[36mo.a.c.c.C.[Tomcat].[localhost].[/]      &amp#27;[0;39m &amp#27;[2m:&amp#27;[0;39m Initializing Spring embedded WebApplicationContext
&amp#27;[2m2024-08-22T01:27:45.092+08:00&amp#27;[0;39m &amp#27;[32m INFO&amp#27;[0;39m &amp#27;[35m7868&amp#27;[0;39m &amp#27;[2m---&amp#27;[0;39m &amp#27;[2m[gitRepositoryRetriever] [           main]&amp#27;[0;39m &amp#27;[2m&amp#27;[0;39m&amp#27;[36mw.s.c.ServletWebServerApplicationContext&amp#27;[0;39m &amp#27;[2m:&amp#27;[0;39m Root WebApplicationContext: initialization completed in 2169 ms
&amp#27;[2m2024-08-22T01:27:45.146+08:00&amp#27;[0;39m &amp#27;[32m INFO&amp#27;[0;39m &amp#27;[35m7868&amp#27;[0;39m &amp#27;[2m---&amp#27;[0;39m &amp#27;[2m[gitRepositoryRetriever] [           main]&amp#27;[0;39m &amp#27;[2m&amp#27;[0;39m&amp#27;[36mcom.zaxxer.hikari.HikariDataSource      &amp#27;[0;39m &amp#27;[2m:&amp#27;[0;39m HikariPool-1 - Starting...
&amp#27;[2m2024-08-22T01:27:45.458+08:00&amp#27;[0;39m &amp#27;[32m INFO&amp#27;[0;39m &amp#27;[35m7868&amp#27;[0;39m &amp#27;[2m---&amp#27;[0;39m &amp#27;[2m[gitRepositoryRetriever] [           main]&amp#27;[0;39m &amp#27;[2m&amp#27;[0;39m&amp#27;[36mcom.zaxxer.hikari.pool.HikariPool       &amp#27;[0;39m &amp#27;[2m:&amp#27;[0;39m HikariPool-1 - Added connection conn0: url=jdbc:h2:mem:gitRepoDB user=SA
&amp#27;[2m2024-08-22T01:27:45.460+08:00&amp#27;[0;39m &amp#27;[32m INFO&amp#27;[0;39m &amp#27;[35m7868&amp#27;[0;39m &amp#27;[2m---&amp#27;[0;39m &amp#27;[2m[gitRepositoryRetriever] [           main]&amp#27;[0;39m &amp#27;[2m&amp#27;[0;39m&amp#27;[36mcom.zaxxer.hikari.HikariDataSource      &amp#27;[0;39m &amp#27;[2m:&amp#27;[0;39m HikariPool-1 - Start completed.
&amp#27;[2m2024-08-22T01:27:45.503+08:00&amp#27;[0;39m &amp#27;[32m INFO&amp#27;[0;39m &amp#27;[35m7868&amp#27;[0;39m &amp#27;[2m---&amp#27;[0;39m &amp#27;[2m[gitRepositoryRetriever] [           main]&amp#27;[0;39m &amp#27;[2m&amp#27;[0;39m&amp#27;[36mo.s.b.a.h2.H2ConsoleAutoConfiguration   &amp#27;[0;39m &amp#27;[2m:&amp#27;[0;39m H2 console available at '/h2-console'. Database available at 'jdbc:h2:mem:gitRepoDB'
&amp#27;[2m2024-08-22T01:27:45.746+08:00&amp#27;[0;39m &amp#27;[32m INFO&amp#27;[0;39m &amp#27;[35m7868&amp#27;[0;39m &amp#27;[2m---&amp#27;[0;39m &amp#27;[2m[gitRepositoryRetriever] [           main]&amp#27;[0;39m &amp#27;[2m&amp#27;[0;39m&amp#27;[36mo.hibernate.jpa.internal.util.LogHelper &amp#27;[0;39m &amp#27;[2m:&amp#27;[0;39m HHH000204: Processing PersistenceUnitInfo [name: default]
&amp#27;[2m2024-08-22T01:27:45.848+08:00&amp#27;[0;39m &amp#27;[32m INFO&amp#27;[0;39m &amp#27;[35m7868&amp#27;[0;39m &amp#27;[2m---&amp#27;[0;39m &amp#27;[2m[gitRepositoryRetriever] [           main]&amp#27;[0;39m &amp#27;[2m&amp#27;[0;39m&amp#27;[36morg.hibernate.Version                   &amp#27;[0;39m &amp#27;[2m:&amp#27;[0;39m HHH000412: Hibernate ORM core version 6.4.9.Final
&amp#27;[2m2024-08-22T01:27:45.903+08:00&amp#27;[0;39m &amp#27;[32m INFO&amp#27;[0;39m &amp#27;[35m7868&amp#27;[0;39m &amp#27;[2m---&amp#27;[0;39m &amp#27;[2m[gitRepositoryRetriever] [           main]&amp#27;[0;39m &amp#27;[2m&amp#27;[0;39m&amp#27;[36mo.h.c.internal.RegionFactoryInitiator   &amp#27;[0;39m &amp#27;[2m:&amp#27;[0;39m HHH000026: Second-level cache disabled
&amp#27;[2m2024-08-22T01:27:46.312+08:00&amp#27;[0;39m &amp#27;[32m INFO&amp#27;[0;39m &amp#27;[35m7868&amp#27;[0;39m &amp#27;[2m---&amp#27;[0;39m &amp#27;[2m[gitRepositoryRetriever] [           main]&amp#27;[0;39m &amp#27;[2m&amp#27;[0;39m&amp#27;[36mo.s.o.j.p.SpringPersistenceUnitInfo     &amp#27;[0;39m &amp#27;[2m:&amp#27;[0;39m No LoadTimeWeaver setup: ignoring JPA class transformer
&amp#27;[2m2024-08-22T01:27:47.817+08:00&amp#27;[0;39m &amp#27;[32m INFO&amp#27;[0;39m &amp#27;[35m7868&amp#27;[0;39m &amp#27;[2m---&amp#27;[0;39m &amp#27;[2m[gitRepositoryRetriever] [           main]&amp#27;[0;39m &amp#27;[2m&amp#27;[0;39m&amp#27;[36mo.h.e.t.j.p.i.JtaPlatformInitiator      &amp#27;[0;39m &amp#27;[2m:&amp#27;[0;39m HHH000489: No JTA platform available (set 'hibernate.transaction.jta.platform' to enable JTA platform integration)
&amp#27;[2m2024-08-22T01:27:47.864+08:00&amp#27;[0;39m &amp#27;[32m INFO&amp#27;[0;39m &amp#27;[35m7868&amp#27;[0;39m &amp#27;[2m---&amp#27;[0;39m &amp#27;[2m[gitRepositoryRetriever] [           main]&amp#27;[0;39m &amp#27;[2m&amp#27;[0;39m&amp#27;[36mj.LocalContainerEntityManagerFactoryBean&amp#27;[0;39m &amp#27;[2m:&amp#27;[0;39m Initialized JPA EntityManagerFactory for persistence unit 'default'
&amp#27;[2m2024-08-22T01:27:48.207+08:00&amp#27;[0;39m &amp#27;[32m INFO&amp#27;[0;39m &amp#27;[35m7868&amp#27;[0;39m &amp#27;[2m---&amp#27;[0;39m &amp#27;[2m[gitRepositoryRetriever] [           main]&amp#27;[0;39m &amp#27;[2m&amp#27;[0;39m&amp#27;[36mo.s.d.j.r.query.QueryEnhancerFactory    &amp#27;[0;39m &amp#27;[2m:&amp#27;[0;39m Hibernate is in classpath; If applicable, HQL parser will be used.
&amp#27;[2m2024-08-22T01:27:48.891+08:00&amp#27;[0;39m &amp#27;[33m WARN&amp#27;[0;39m &amp#27;[35m7868&amp#27;[0;39m &amp#27;[2m---&amp#27;[0;39m &amp#27;[2m[gitRepositoryRetriever] [           main]&amp#27;[0;39m &amp#27;[2m&amp#27;[0;39m&amp#27;[36mJpaBaseConfiguration$JpaWebConfiguration&amp#27;[0;39m &amp#27;[2m:&amp#27;[0;39m spring.jpa.open-in-view is enabled by default. Therefore, database queries may be performed during view rendering. Explicitly configure spring.jpa.open-in-view to disable this warning
&amp#27;[2m2024-08-22T01:27:49.538+08:00&amp#27;[0;39m &amp#27;[32m INFO&amp#27;[0;39m &amp#27;[35m7868&amp#27;[0;39m &amp#27;[2m---&amp#27;[0;39m &amp#27;[2m[gitRepositoryRetriever] [           main]&amp#27;[0;39m &amp#27;[2m&amp#27;[0;39m&amp#27;[36mo.s.b.w.embedded.tomcat.TomcatWebServer &amp#27;[0;39m &amp#27;[2m:&amp#27;[0;39m Tomcat started on port 50695 (http) with context path ''
&amp#27;[2m2024-08-22T01:27:49.556+08:00&amp#27;[0;39m &amp#27;[32m INFO&amp#27;[0;39m &amp#27;[35m7868&amp#27;[0;39m &amp#27;[2m---&amp#27;[0;39m &amp#27;[2m[gitRepositoryRetriever] [           main]&amp#27;[0;39m &amp#27;[2m&amp#27;[0;39m&amp#27;[36mg.GitRepositoryRetrieverApplicationTests&amp#27;[0;39m &amp#27;[2m:&amp#27;[0;39m Started GitRepositoryRetrieverApplicationTests in 7.148 seconds (process running for 9.04)
&amp#27;[2m2024-08-22T01:27:50.511+08:00&amp#27;[0;39m &amp#27;[32m INFO&amp#27;[0;39m &amp#27;[35m7868&amp#27;[0;39m &amp#27;[2m---&amp#27;[0;39m &amp#27;[2m[gitRepositoryRetriever] [o-auto-1-exec-1]&amp#27;[0;39m &amp#27;[2m&amp#27;[0;39m&amp#27;[36mo.a.c.c.C.[Tomcat].[localhost].[/]      &amp#27;[0;39m &amp#27;[2m:&amp#27;[0;39m Initializing Spring DispatcherServlet 'dispatcherServlet'
&amp#27;[2m2024-08-22T01:27:50.511+08:00&amp#27;[0;39m &amp#27;[32m INFO&amp#27;[0;39m &amp#27;[35m7868&amp#27;[0;39m &amp#27;[2m---&amp#27;[0;39m &amp#27;[2m[gitRepositoryRetriever] [o-auto-1-exec-1]&amp#27;[0;39m &amp#27;[2m&amp#27;[0;39m&amp#27;[36mo.s.web.servlet.DispatcherServlet       &amp#27;[0;39m &amp#27;[2m:&amp#27;[0;39m Initializing Servlet 'dispatcherServlet'
&amp#27;[2m2024-08-22T01:27:50.512+08:00&amp#27;[0;39m &amp#27;[32m INFO&amp#27;[0;39m &amp#27;[35m7868&amp#27;[0;39m &amp#27;[2m---&amp#27;[0;39m &amp#27;[2m[gitRepositoryRetriever] [o-auto-1-exec-1]&amp#27;[0;39m &amp#27;[2m&amp#27;[0;39m&amp#27;[36mo.s.web.servlet.DispatcherServlet       &amp#27;[0;39m &amp#27;[2m:&amp#27;[0;39m Completed initialization in 1 ms
&amp#27;[2m2024-08-22T01:27:51.301+08:00&amp#27;[0;39m &amp#27;[32m INFO&amp#27;[0;39m &amp#27;[35m7868&amp#27;[0;39m &amp#27;[2m---&amp#27;[0;39m &amp#27;[2m[gitRepositoryRetriever] [o-auto-1-exec-1]&amp#27;[0;39m &amp#27;[2m&amp#27;[0;39m&amp#27;[36mc.s.d.g.service.impl.GitHubServiceImpl  &amp#27;[0;39m &amp#27;[2m:&amp#27;[0;39m Response from git repo api: {"id":845625683,"node_id":"R_kgDOMmc5Uw","name":"GitRepositoryManagement","full_name":"shweta18tanpure/GitRepositoryManagement","private":false,"owner":{"login":"shweta18tanpure","id":178866588,"node_id":"U_kgDOCqlJnA","avatar_url":"https://avatars.githubusercontent.com/u/178866588?v=4","gravatar_id":"","url":"https://api.github.com/users/shweta18tanpure","html_url":"https://github.com/shweta18tanpure","followers_url":"https://api.github.com/users/shweta18tanpure/followers","following_url":"https://api.github.com/users/shweta18tanpure/following{/other_user}","gists_url":"https://api.github.com/users/shweta18tanpure/gists{/gist_id}","starred_url":"https://api.github.com/users/shweta18tanpure/starred{/owner}{/repo}","subscriptions_url":"https://api.github.com/users/shweta18tanpure/subscriptions","organizations_url":"https://api.github.com/users/shweta18tanpure/orgs","repos_url":"https://api.github.com/users/shweta18tanpure/repos","events_url":"https://api.github.com/users/shweta18tanpure/events{/privacy}","received_events_url":"https://api.github.com/users/shweta18tanpure/received_events","type":"User","site_admin":false},"html_url":"https://github.com/shweta18tanpure/GitRepositoryManagement","description":"Restful API created using Java, Spring Boot, Spring Data JPA, RestTemplate and H2 Database to retrieve git repository details from GIT API and save in DB","fork":false,"url":"https://api.github.com/repos/shweta18tanpure/GitRepositoryManagement","forks_url":"https://api.github.com/repos/shweta18tanpure/GitRepositoryManagement/forks","keys_url":"https://api.github.com/repos/shweta18tanpure/GitRepositoryManagement/keys{/key_id}","collaborators_url":"https://api.github.com/repos/shweta18tanpure/GitRepositoryManagement/collaborators{/collaborator}","teams_url":"https://api.github.com/repos/shweta18tanpure/GitRepositoryManagement/teams","hooks_url":"https://api.github.com/repos/shweta18tanpure/GitRepositoryManagement/hooks","issue_events_url":"https://api.github.com/repos/shweta18tanpure/GitRepositoryManagement/issues/events{/number}","events_url":"https://api.github.com/repos/shweta18tanpure/GitRepositoryManagement/events","assignees_url":"https://api.github.com/repos/shweta18tanpure/GitRepositoryManagement/assignees{/user}","branches_url":"https://api.github.com/repos/shweta18tanpure/GitRepositoryManagement/branches{/branch}","tags_url":"https://api.github.com/repos/shweta18tanpure/GitRepositoryManagement/tags","blobs_url":"https://api.github.com/repos/shweta18tanpure/GitRepositoryManagement/git/blobs{/sha}","git_tags_url":"https://api.github.com/repos/shweta18tanpure/GitRepositoryManagement/git/tags{/sha}","git_refs_url":"https://api.github.com/repos/shweta18tanpure/GitRepositoryManagement/git/refs{/sha}","trees_url":"https://api.github.com/repos/shweta18tanpure/GitRepositoryManagement/git/trees{/sha}","statuses_url":"https://api.github.com/repos/shweta18tanpure/GitRepositoryManagement/statuses/{sha}","languages_url":"https://api.github.com/repos/shweta18tanpure/GitRepositoryManagement/languages","stargazers_url":"https://api.github.com/repos/shweta18tanpure/GitRepositoryManagement/stargazers","contributors_url":"https://api.github.com/repos/shweta18tanpure/GitRepositoryManagement/contributors","subscribers_url":"https://api.github.com/repos/shweta18tanpure/GitRepositoryManagement/subscribers","subscription_url":"https://api.github.com/repos/shweta18tanpure/GitRepositoryManagement/subscription","commits_url":"https://api.github.com/repos/shweta18tanpure/GitRepositoryManagement/commits{/sha}","git_commits_url":"https://api.github.com/repos/shweta18tanpure/GitRepositoryManagement/git/commits{/sha}","comments_url":"https://api.github.com/repos/shweta18tanpure/GitRepositoryManagement/comments{/number}","issue_comment_url":"https://api.github.com/repos/shweta18tanpure/GitRepositoryManagement/issues/comments{/number}","contents_url":"https://api.github.com/repos/shweta18tanpure/GitRepositoryManagement/contents/{+path}","compare_url":"https://api.github.com/repos/shweta18tanpure/GitRepositoryManagement/compare/{base}...{head}","merges_url":"https://api.github.com/repos/shweta18tanpure/GitRepositoryManagement/merges","archive_url":"https://api.github.com/repos/shweta18tanpure/GitRepositoryManagement/{archive_format}{/ref}","downloads_url":"https://api.github.com/repos/shweta18tanpure/GitRepositoryManagement/downloads","issues_url":"https://api.github.com/repos/shweta18tanpure/GitRepositoryManagement/issues{/number}","pulls_url":"https://api.github.com/repos/shweta18tanpure/GitRepositoryManagement/pulls{/number}","milestones_url":"https://api.github.com/repos/shweta18tanpure/GitRepositoryManagement/milestones{/number}","notifications_url":"https://api.github.com/repos/shweta18tanpure/GitRepositoryManagement/notifications{?since,all,participating}","labels_url":"https://api.github.com/repos/shweta18tanpure/GitRepositoryManagement/labels{/name}","releases_url":"https://api.github.com/repos/shweta18tanpure/GitRepositoryManagement/releases{/id}","deployments_url":"https://api.github.com/repos/shweta18tanpure/GitRepositoryManagement/deployments","created_at":"2024-08-21T15:55:53Z","updated_at":"2024-08-21T15:58:24Z","pushed_at":"2024-08-21T17:00:07Z","git_url":"git://github.com/shweta18tanpure/GitRepositoryManagement.git","ssh_url":"git@github.com:shweta18tanpure/GitRepositoryManagement.git","clone_url":"https://github.com/shweta18tanpure/GitRepositoryManagement.git","svn_url":"https://github.com/shweta18tanpure/GitRepositoryManagement","homepage":null,"size":2,"stargazers_count":0,"watchers_count":0,"language":null,"has_issues":true,"has_projects":true,"has_downloads":true,"has_wiki":true,"has_pages":false,"has_discussions":false,"forks_count":0,"mirror_url":null,"archived":false,"disabled":false,"open_issues_count":0,"license":null,"allow_forking":true,"is_template":false,"web_commit_signoff_required":false,"topics":[],"visibility":"public","forks":0,"open_issues":0,"watchers":0,"default_branch":"main","temp_clone_token":null,"network_count":0,"subscribers_count":1}
&amp#27;[2m2024-08-22T01:27:51.351+08:00&amp#27;[0;39m &amp#27;[32m INFO&amp#27;[0;39m &amp#27;[35m7868&amp#27;[0;39m &amp#27;[2m---&amp#27;[0;39m &amp#27;[2m[gitRepositoryRetriever] [o-auto-1-exec-1]&amp#27;[0;39m &amp#27;[2m&amp#27;[0;39m&amp#27;[36mc.s.d.g.controller.GitRepoController    &amp#27;[0;39m &amp#27;[2m:&amp#27;[0;39m Sending Response to caller: <200 OK OK,GitRepositoryDetailsResponse(fullName=shweta18tanpure/GitRepositoryManagement, description=Restful API created using Java, Spring Boot, Spring Data JPA, RestTemplate and H2 Database to retrieve git repository details from GIT API and save in DB, cloneUrl=https://github.com/shweta18tanpure/GitRepositoryManagement.git, stars=0, createdAt=2024-08-21T15:55:53),[]>
]]></system-out>
  </testcase>
  <testcase name="testGetRepositoryDetails_404_NotFound" classname="com.spring.datajpa.gitRepositoryRetriever.GitRepositoryRetrieverApplicationTests" time="0.299">
    <system-out><![CDATA[&amp#27;[2m2024-08-22T01:27:51.538+08:00&amp#27;[0;39m &amp#27;[32m INFO&amp#27;[0;39m &amp#27;[35m7868&amp#27;[0;39m &amp#27;[2m---&amp#27;[0;39m &amp#27;[2m[gitRepositoryRetriever] [         task-1]&amp#27;[0;39m &amp#27;[2m&amp#27;[0;39m&amp#27;[36mc.s.d.g.s.i.GitRepoDetailsServiceImpl   &amp#27;[0;39m &amp#27;[2m:&amp#27;[0;39m Data Saved in DB for owner=shweta18tanpure and Repo=GitRepositoryManagement
&amp#27;[2m2024-08-22T01:27:51.706+08:00&amp#27;[0;39m &amp#27;[31mERROR&amp#27;[0;39m &amp#27;[35m7868&amp#27;[0;39m &amp#27;[2m---&amp#27;[0;39m &amp#27;[2m[gitRepositoryRetriever] [o-auto-1-exec-2]&amp#27;[0;39m &amp#27;[2m&amp#27;[0;39m&amp#27;[36mc.s.d.g.service.impl.GitHubServiceImpl  &amp#27;[0;39m &amp#27;[2m:&amp#27;[0;39m Problem occurred while invoking git repo api: message= 404 Not Found: "{"message":"Not Found","documentation_url":"https://docs.github.com/rest/repos/repos#get-a-repository","status":"404"}"
&amp#27;[2m2024-08-22T01:27:51.709+08:00&amp#27;[0;39m &amp#27;[32m INFO&amp#27;[0;39m &amp#27;[35m7868&amp#27;[0;39m &amp#27;[2m---&amp#27;[0;39m &amp#27;[2m[gitRepositoryRetriever] [o-auto-1-exec-2]&amp#27;[0;39m &amp#27;[2m&amp#27;[0;39m&amp#27;[36mc.s.d.g.controller.GitRepoController    &amp#27;[0;39m &amp#27;[2m:&amp#27;[0;39m Sending Response to caller: <500 INTERNAL_SERVER_ERROR Internal Server Error,ErrorResponse(message=Not Found, status=404),[]>
]]></system-out>
  </testcase>
  <testcase name="testGetRepositoryDetails_405_IncorrectHttpMethod" classname="com.spring.datajpa.gitRepositoryRetriever.GitRepositoryRetrieverApplicationTests" time="0.025">
    <system-out><![CDATA[&amp#27;[2m2024-08-22T01:27:51.727+08:00&amp#27;[0;39m &amp#27;[33m WARN&amp#27;[0;39m &amp#27;[35m7868&amp#27;[0;39m &amp#27;[2m---&amp#27;[0;39m &amp#27;[2m[gitRepositoryRetriever] [o-auto-1-exec-3]&amp#27;[0;39m &amp#27;[2m&amp#27;[0;39m&amp#27;[36m.w.s.m.s.DefaultHandlerExceptionResolver&amp#27;[0;39m &amp#27;[2m:&amp#27;[0;39m Resolved [org.springframework.web.HttpRequestMethodNotSupportedException: Request method 'POST' is not supported]
]]></system-out>
  </testcase>
</testsuite>